[debug] [2023-06-14T02:47:30.273Z] ----------------------------------------------------------------------
[debug] [2023-06-14T02:47:30.275Z] Command:       C:\Program Files\nodes\nodejs18.16\node.exe C:\Users\DNguyen5\AppData\Roaming\npm\node_modules\firebase-tools\lib\bin\firebase.js init --debug
[debug] [2023-06-14T02:47:30.276Z] CLI Version:   12.3.1
[debug] [2023-06-14T02:47:30.276Z] Platform:      win32
[debug] [2023-06-14T02:47:30.276Z] Node Version:  v18.16.0
[debug] [2023-06-14T02:47:30.280Z] Time:          Wed Jun 14 2023 09:47:30 GMT+0700 (Indochina Time)
[debug] [2023-06-14T02:47:30.280Z] ----------------------------------------------------------------------
[debug] 
[debug] [2023-06-14T02:47:30.289Z] >>> [apiv2][query] GET https://firebase-public.firebaseio.com/cli.json [none]
[debug] [2023-06-14T02:47:30.421Z] > command requires scopes: ["email","openid","https://www.googleapis.com/auth/cloudplatformprojects.readonly","https://www.googleapis.com/auth/firebase","https://www.googleapis.com/auth/cloud-platform"]
[debug] [2023-06-14T02:47:30.486Z] Error: Could not load the default credentials. Browse to https://cloud.google.com/docs/authentication/getting-started for more information.
    at GoogleAuth.getApplicationDefaultAsync (C:\Users\DNguyen5\AppData\Roaming\npm\node_modules\firebase-tools\node_modules\google-auth-library\build\src\auth\googleauth.js:183:19)
    at process.processTicksAndRejections (node:internal/process/task_queues:95:5)
    at async GoogleAuth.getClient (C:\Users\DNguyen5\AppData\Roaming\npm\node_modules\firebase-tools\node_modules\google-auth-library\build\src\auth\googleauth.js:565:17)
    at async GoogleAuth.getAccessToken (C:\Users\DNguyen5\AppData\Roaming\npm\node_modules\firebase-tools\node_modules\google-auth-library\build\src\auth\googleauth.js:587:24)
    at async autoAuth (C:\Users\DNguyen5\AppData\Roaming\npm\node_modules\firebase-tools\lib\requireAuth.js:24:19)
    at async Object.requireAuth [as fn] (C:\Users\DNguyen5\AppData\Roaming\npm\node_modules\firebase-tools\lib\requireAuth.js:48:20)
    at async C:\Users\DNguyen5\AppData\Roaming\npm\node_modules\firebase-tools\lib\command.js:214:17
[error] 
[error] Error: Failed to authenticate, have you run firebase login?
